{"name": "shopping01", "status": "failed", "statusDetails": {"message": "AssertionError: assert (1 + 1) == 3", "trace": "self = <test_case.test_func01.TestShopping object at 0x000001669BDAE248>\n\n    @allure.story(\"shopping\")   # 二级标签\n    @allure.title(\"shopping01\")\n    def test_shopping(self):\n        print(\"------test02------\")\n>       assert 1+1 == 3\nE       assert (1 + 1) == 3\n\ntest_func01.py:40: AssertionError"}, "start": 1629563397632, "stop": 1629563397632, "uuid": "f41e1d11-3a8d-4162-a562-d30ae32ccc85", "historyId": "50a5a2ef9d5e62ad52659141b59ddbf4", "testCaseId": "3b004fab254eacdf5b32054cd8aa4b8e", "fullName": "test_case.test_func01.TestShopping#test_shopping", "labels": [{"name": "story", "value": "shopping"}, {"name": "feature", "value": "购物模块"}, {"name": "parentSuite", "value": "test_case"}, {"name": "suite", "value": "test_func01"}, {"name": "subSuite", "value": "TestShopping"}, {"name": "host", "value": "LAPTOP-A31DJ25Q"}, {"name": "thread", "value": "12012-MainThread"}, {"name": "framework", "value": "pytest"}, {"name": "language", "value": "cpython3"}, {"name": "package", "value": "test_case.test_func01"}]}