{"name": "login02", "status": "failed", "statusDetails": {"message": "AssertionError: assert (1 + 1) == 3", "trace": "self = <test_case.test_func01.TestLogin object at 0x000001669BDAE708>\n\n    @allure.story(\"登录login02\")   # 二级标签\n    @allure.title(\"login02\")\n    def test_login02(self):\n        print(\"------test02------\")\n>       assert 1+1 == 3\nE       assert (1 + 1) == 3\n\ntest_func01.py:28: AssertionError"}, "start": 1629563397611, "stop": 1629563397611, "uuid": "90c1e8f3-7ed1-4d4a-866a-b021987db697", "historyId": "038a6e635feff6ba83a004dedb3afede", "testCaseId": "f2b8452f86ceec4eda18619e1a8c1b51", "fullName": "test_case.test_func01.TestLogin#test_login02", "labels": [{"name": "story", "value": "登录login02"}, {"name": "feature", "value": "登录模块"}, {"name": "parentSuite", "value": "test_case"}, {"name": "suite", "value": "test_func01"}, {"name": "subSuite", "value": "TestLogin"}, {"name": "host", "value": "LAPTOP-A31DJ25Q"}, {"name": "thread", "value": "12012-MainThread"}, {"name": "framework", "value": "pytest"}, {"name": "language", "value": "cpython3"}, {"name": "package", "value": "test_case.test_func01"}]}